SF:lib/src/transport/rum_transport.dart
DA:16,0
DA:17,0
DA:18,0
DA:19,0
DA:21,0
DA:22,0
DA:24,0
DA:25,0
DA:26,0
DA:27,0
DA:29,0
DA:31,0
DA:32,0
DA:33,0
DA:35,0
DA:38,0
DA:39,0
DA:43,0
DA:44,0
DA:45,0
DA:46,0
DA:50,0
DA:51,0
DA:52,0
DA:53,0
DA:54,0
DA:59,0
DA:60,0
DA:64,0
DA:66,0
DA:67,0
DA:70,0
LF:32
LH:0
end_of_record
SF:lib/rum_flutter.dart
DA:99,2
DA:102,6
DA:104,2
DA:105,2
DA:111,2
DA:113,4
DA:128,0
DA:130,1
DA:132,1
DA:135,2
DA:137,2
DA:140,1
DA:142,1
DA:145,1
DA:147,1
DA:148,3
DA:149,1
DA:150,1
DA:151,1
DA:152,1
DA:154,1
DA:156,1
DA:157,1
DA:160,1
DA:161,0
DA:162,0
DA:163,1
DA:165,4
DA:166,2
DA:167,1
DA:168,1
DA:169,1
DA:171,1
DA:172,2
DA:173,1
DA:175,3
DA:176,2
DA:177,0
DA:178,0
DA:179,0
DA:180,0
DA:181,0
DA:182,0
DA:184,2
DA:185,1
DA:186,2
DA:187,3
DA:188,2
DA:189,0
DA:191,3
DA:195,1
DA:196,2
DA:197,1
DA:198,2
DA:200,0
DA:201,0
DA:202,0
DA:203,0
DA:204,0
DA:205,0
DA:211,0
DA:214,0
DA:215,0
DA:216,0
DA:217,0
DA:220,1
DA:224,1
DA:225,2
DA:226,7
DA:229,1
DA:230,1
DA:231,2
DA:232,7
DA:235,1
DA:236,1
DA:237,2
DA:238,7
DA:241,1
DA:242,1
DA:243,3
DA:244,3
DA:246,2
DA:250,1
DA:254,1
DA:255,1
DA:256,2
DA:258,3
DA:260,2
DA:264,2
DA:269,2
DA:271,2
DA:273,2
DA:274,2
DA:275,4
DA:277,6
DA:279,4
DA:283,1
DA:284,1
DA:285,3
DA:286,3
DA:288,2
DA:292,0
DA:293,0
DA:295,0
DA:299,0
DA:301,0
DA:302,0
DA:303,0
DA:304,0
DA:308,0
DA:311,0
DA:312,0
DA:313,0
DA:314,0
DA:315,0
DA:316,0
DA:318,0
LF:117
LH:80
end_of_record
SF:lib/rum_native_methods.dart
DA:4,0
DA:5,0
DA:7,0
DA:8,0
DA:10,0
DA:11,0
DA:14,0
DA:15,0
DA:18,0
DA:19,0
DA:23,0
DA:24,0
DA:26,0
DA:27,0
DA:29,0
DA:30,0
DA:32,0
DA:33,0
DA:35,0
DA:36,0
DA:38,0
DA:39,0
DA:41,0
DA:42,0
DA:44,0
DA:45,0
DA:48,0
DA:49,0
LF:28
LH:0
end_of_record
SF:lib/src/rum_widgets_binding_observer.dart
DA:6,0
DA:8,0
DA:9,0
DA:10,0
DA:11,0
DA:13,0
DA:22,0
DA:24,0
LF:8
LH:0
end_of_record
SF:lib/src/integrations/flutter_error_integration.dart
DA:10,1
DA:11,2
DA:12,2
DA:13,1
DA:14,4
DA:17,1
DA:18,2
DA:21,1
DA:24,1
DA:25,1
LF:10
LH:10
end_of_record
SF:lib/src/integrations/native_integration.dart
DA:11,0
DA:14,0
DA:15,0
DA:16,0
DA:17,0
DA:20,0
DA:21,0
DA:24,0
DA:25,0
DA:26,0
DA:27,0
DA:31,0
DA:32,0
DA:34,0
DA:35,0
DA:36,0
DA:37,0
DA:44,0
DA:51,0
DA:53,0
DA:56,0
DA:58,0
DA:59,0
DA:62,0
DA:63,0
DA:65,0
DA:73,0
DA:74,0
DA:75,0
DA:77,0
DA:84,0
DA:85,0
DA:86,0
DA:87,0
DA:92,0
DA:93,0
DA:94,0
DA:95,0
DA:96,0
DA:100,0
DA:101,0
DA:102,0
DA:107,0
DA:108,0
DA:109,0
DA:110,0
DA:111,0
DA:113,0
DA:115,0
DA:116,0
DA:117,0
DA:121,0
DA:122,0
DA:123,0
DA:124,0
DA:129,0
DA:130,0
DA:131,0
DA:132,0
LF:59
LH:0
end_of_record
SF:lib/src/util/generate_session.dart
DA:3,2
DA:5,2
DA:8,4
DA:9,8
LF:4
LH:4
end_of_record
SF:lib/src/transport/rum_cache_manager.dart
DA:17,0
DA:18,0
DA:21,0
DA:22,0
DA:23,0
DA:24,0
DA:25,0
DA:27,0
DA:30,0
DA:31,0
DA:32,0
DA:33,0
DA:38,0
DA:39,0
DA:40,0
DA:41,0
DA:43,0
DA:44,0
DA:45,0
DA:51,0
DA:52,0
DA:54,0
DA:57,0
DA:60,0
DA:62,0
DA:63,0
DA:64,0
DA:65,0
DA:66,0
DA:67,0
DA:68,0
DA:72,0
DA:74,0
DA:78,0
DA:79,0
DA:80,0
DA:81,0
DA:82,0
DA:87,0
DA:88,0
DA:89,0
DA:90,0
DA:91,0
DA:92,0
DA:93,0
DA:96,0
DA:97,0
DA:99,0
DA:100,0
DA:101,0
DA:104,0
DA:111,0
DA:112,0
DA:113,0
DA:116,0
DA:117,0
DA:121,0
DA:123,0
DA:124,0
DA:125,0
DA:127,0
DA:128,0
DA:129,0
DA:132,0
DA:133,0
DA:134,0
DA:135,0
DA:137,0
LF:68
LH:0
end_of_record
SF:lib/src/configurations/rum_config.dart
DA:15,1
DA:28,2
DA:29,0
DA:31,2
DA:32,0
DA:34,2
DA:35,0
LF:7
LH:4
end_of_record
SF:lib/rum_sdk_platform_interface.dart
DA:7,0
DA:9,0
DA:11,0
DA:15,0
DA:17,0
DA:18,0
DA:22,0
DA:23,0
DA:25,0
DA:26,0
DA:29,0
DA:30,0
DA:32,0
DA:33,0
DA:35,0
DA:36,0
DA:38,0
DA:39,0
DA:41,0
DA:42,0
DA:44,0
DA:45,0
DA:47,0
DA:48,0
DA:50,0
DA:51,0
DA:53,0
DA:54,0
DA:56,0
DA:57,0
DA:59,0
DA:60,0
DA:63,0
DA:64,0
DA:66,0
DA:67,0
DA:70,0
DA:71,0
LF:38
LH:0
end_of_record
SF:lib/rum_sdk_method_channel.dart
DA:12,0
DA:14,0
DA:17,0
DA:19,0
DA:23,0
DA:25,0
DA:29,0
DA:31,0
DA:35,0
DA:37,0
DA:40,0
DA:42,0
DA:47,0
DA:49,0
DA:53,0
DA:55,0
DA:57,0
DA:59,0
DA:62,0
DA:64,0
DA:68,0
DA:70,0
DA:74,0
DA:76,0
DA:80,0
DA:82,0
DA:86,0
DA:88,0
LF:28
LH:0
end_of_record
SF:lib/src/rum_navigation_observer.dart
DA:5,0
DA:7,0
DA:8,0
DA:9,0
DA:10,0
DA:15,0
DA:17,0
DA:18,0
DA:19,0
DA:20,0
DA:24,0
DA:26,0
DA:27,0
DA:28,0
DA:29,0
LF:15
LH:0
end_of_record
SF:lib/src/rum_asset_bundle.dart
DA:10,0
DA:12,0
DA:14,0
DA:19,0
DA:20,0
DA:21,0
DA:22,0
DA:23,0
DA:24,0
DA:25,0
DA:26,0
DA:28,0
DA:35,0
DA:40,0
DA:41,0
DA:42,0
DA:43,0
DA:44,0
DA:45,0
DA:46,0
DA:47,0
DA:49,0
DA:58,0
DA:60,0
DA:63,0
DA:64,0
DA:68,0
DA:71,0
DA:73,0
DA:74,0
DA:76,0
DA:77,0
DA:79,0
DA:80,0
LF:34
LH:0
end_of_record
SF:lib/src/rum_user_interaction_widget.dart
DA:18,0
DA:24,0
DA:26,0
DA:28,0
DA:33,0
DA:35,0
DA:42,0
DA:44,0
DA:46,0
DA:47,0
DA:48,0
DA:52,0
DA:53,0
DA:54,0
DA:57,0
DA:58,0
DA:59,0
DA:60,0
DA:61,0
DA:63,0
DA:64,0
DA:65,0
DA:70,0
DA:71,0
DA:73,0
DA:74,0
DA:75,0
DA:76,0
DA:82,0
DA:84,0
DA:88,0
DA:92,0
DA:97,0
DA:98,0
DA:99,0
DA:100,0
DA:101,0
DA:103,0
DA:105,0
DA:107,0
DA:111,0
DA:115,0
DA:118,0
DA:122,0
DA:125,0
DA:128,0
DA:129,0
DA:130,0
DA:131,0
DA:132,0
DA:136,0
DA:137,0
DA:138,0
DA:141,0
DA:142,0
DA:143,0
DA:149,0
DA:152,0
DA:156,0
DA:157,0
DA:158,0
DA:159,0
DA:160,0
DA:163,0
DA:168,0
DA:169,0
DA:170,0
DA:173,0
DA:177,0
DA:178,0
DA:179,0
DA:182,0
DA:186,0
DA:187,0
DA:188,0
DA:191,0
DA:195,0
DA:196,0
DA:197,0
DA:200,0
DA:204,0
DA:205,0
DA:206,0
DA:209,0
DA:213,0
DA:214,0
DA:215,0
DA:218,0
LF:88
LH:0
end_of_record
SF:lib/src/integrations/http_tracking_client.dart
DA:12,0
DA:14,0
DA:16,0
DA:17,0
DA:18,0
DA:25,0
DA:29,0
DA:34,0
DA:35,0
DA:36,0
DA:37,0
DA:38,0
DA:41,0
DA:46,0
DA:47,0
DA:48,0
DA:51,0
DA:52,0
DA:55,0
DA:58,0
DA:60,0
DA:61,0
DA:62,0
DA:63,0
DA:64,0
DA:72,0
DA:77,0
DA:79,0
DA:80,0
DA:82,0
DA:83,0
DA:84,0
DA:85,0
DA:87,0
DA:88,0
DA:89,0
DA:91,0
DA:93,0
DA:94,0
DA:95,0
DA:96,0
DA:98,0
DA:99,0
DA:100,0
DA:102,0
DA:104,0
DA:105,0
DA:106,0
DA:107,0
DA:109,0
DA:112,0
DA:115,0
DA:118,0
DA:121,0
DA:124,0
DA:126,0
DA:131,0
DA:133,0
DA:137,0
DA:139,0
DA:141,0
DA:144,0
DA:146,0
DA:149,0
DA:150,0
DA:152,0
DA:153,0
DA:155,0
DA:157,0
DA:159,0
DA:160,0
DA:162,0
DA:164,0
DA:166,0
DA:167,0
DA:169,0
DA:171,0
DA:173,0
DA:175,0
DA:177,0
DA:178,0
DA:180,0
DA:182,0
DA:184,0
DA:185,0
DA:187,0
DA:189,0
DA:191,0
DA:192,0
DA:201,0
DA:208,0
DA:210,0
DA:211,0
DA:213,0
DA:218,0
DA:221,0
DA:222,0
DA:223,0
DA:224,0
DA:225,0
DA:226,0
DA:227,0
DA:228,0
DA:230,0
DA:236,0
DA:237,0
DA:238,0
DA:239,0
DA:241,0
DA:242,0
DA:243,0
DA:244,0
DA:246,0
DA:247,0
DA:248,0
DA:249,0
DA:251,0
DA:252,0
DA:253,0
DA:254,0
DA:256,0
DA:257,0
DA:258,0
DA:259,0
DA:261,0
DA:262,0
DA:263,0
DA:265,0
DA:267,0
DA:269,0
DA:271,0
DA:272,0
DA:274,0
DA:276,0
DA:278,0
DA:280,0
DA:283,0
DA:284,0
DA:286,0
DA:287,0
DA:289,0
DA:290,0
DA:292,0
DA:293,0
DA:295,0
DA:296,0
DA:298,0
DA:299,0
DA:301,0
DA:303,0
DA:306,0
DA:308,0
DA:311,0
DA:313,0
DA:316,0
DA:318,0
DA:329,0
DA:335,0
DA:338,0
DA:341,0
DA:345,0
DA:346,0
DA:347,0
DA:348,0
DA:350,0
DA:353,0
DA:354,0
DA:356,0
DA:362,0
DA:363,0
DA:366,0
DA:367,0
DA:369,0
DA:371,0
DA:373,0
DA:374,0
DA:376,0
DA:377,0
DA:379,0
DA:380,0
DA:382,0
DA:384,0
DA:387,0
DA:388,0
DA:390,0
DA:391,0
DA:393,0
DA:394,0
DA:396,0
DA:397,0
DA:399,0
DA:402,0
DA:405,0
DA:406,0
DA:408,0
DA:409,0
LF:196
LH:0
end_of_record
SF:lib/src/integrations/run_zoned_integration.dart
DA:5,0
DA:6,0
LF:2
LH:0
end_of_record
SF:lib/src/integrations/on_error_integration.dart
DA:10,0
DA:11,0
DA:12,0
DA:13,0
DA:14,0
DA:15,0
DA:20,0
DA:22,0
DA:24,0
DA:25,0
LF:10
LH:0
end_of_record
SF:lib/src/models/app.dart
DA:6,2
DA:8,1
DA:9,2
DA:10,2
DA:11,2
DA:14,2
DA:15,2
DA:17,4
DA:18,4
DA:19,4
LF:10
LH:10
end_of_record
SF:lib/src/models/browser.dart
DA:9,0
DA:12,0
DA:13,0
DA:14,0
DA:15,0
DA:16,0
DA:17,0
DA:18,0
DA:21,0
DA:22,0
DA:23,0
DA:24,0
DA:25,0
DA:26,0
DA:27,0
DA:28,0
LF:16
LH:0
end_of_record
SF:lib/src/models/event.dart
DA:9,1
DA:11,0
DA:12,0
DA:13,0
DA:14,0
DA:15,0
DA:18,1
DA:19,1
DA:21,2
DA:22,2
DA:23,2
DA:24,2
LF:12
LH:7
end_of_record
SF:lib/src/models/exception.dart
DA:10,1
DA:11,0
DA:12,0
DA:13,0
DA:14,0
DA:15,0
DA:17,1
DA:18,1
DA:20,2
DA:21,2
DA:22,2
DA:23,2
DA:36,2
DA:38,0
DA:39,0
DA:40,0
DA:41,0
DA:42,0
DA:45,2
DA:46,2
DA:48,4
DA:49,4
DA:50,4
DA:51,4
DA:55,1
DA:56,1
DA:57,2
DA:58,1
DA:59,2
DA:60,1
DA:62,1
DA:63,4
DA:64,1
DA:65,0
DA:66,0
DA:67,8
LF:36
LH:24
end_of_record
SF:lib/src/models/integrations.dart
DA:5,0
DA:7,0
DA:8,0
DA:9,0
DA:12,0
DA:13,0
DA:15,0
DA:16,0
LF:8
LH:0
end_of_record
SF:lib/src/models/log.dart
DA:10,1
DA:12,0
DA:13,0
DA:14,0
DA:15,0
DA:16,0
DA:17,0
DA:20,1
DA:21,1
DA:23,2
DA:24,2
DA:25,2
DA:26,2
DA:27,2
LF:14
LH:8
end_of_record
SF:lib/src/models/measurement.dart
DA:5,1
DA:7,0
DA:8,0
DA:9,0
DA:12,1
DA:13,1
DA:14,2
DA:15,2
LF:8
LH:5
end_of_record
SF:lib/src/models/meta.dart
DA:18,2
DA:28,1
DA:29,1
DA:30,3
DA:31,4
DA:32,4
DA:33,4
DA:34,1
DA:35,1
DA:36,2
DA:37,4
DA:40,2
DA:41,2
DA:42,2
DA:43,6
DA:45,2
DA:46,6
DA:48,2
DA:49,6
DA:51,6
DA:52,2
DA:53,0
DA:55,2
DA:56,0
DA:58,2
DA:59,3
LF:26
LH:24
end_of_record
SF:lib/src/models/session.dart
DA:5,2
DA:7,1
DA:8,2
DA:9,2
DA:12,2
DA:13,2
DA:14,4
DA:15,4
LF:8
LH:8
end_of_record
SF:lib/src/models/sdk.dart
DA:8,2
DA:10,1
DA:11,2
DA:12,2
DA:13,1
DA:14,2
DA:15,2
DA:16,0
DA:21,2
DA:22,2
DA:23,4
DA:24,4
DA:25,8
LF:13
LH:12
end_of_record
SF:lib/src/models/view_meta.dart
DA:4,2
DA:6,1
DA:7,2
DA:10,2
DA:11,2
DA:13,4
LF:6
LH:6
end_of_record
SF:lib/src/models/user.dart
DA:6,1
DA:8,1
DA:9,2
DA:10,2
DA:11,2
DA:14,1
DA:15,1
DA:17,2
DA:18,2
DA:19,2
LF:10
LH:10
end_of_record
SF:lib/src/models/page.dart
DA:4,0
DA:6,0
DA:7,0
DA:10,0
DA:11,0
DA:12,0
LF:6
LH:0
end_of_record
SF:lib/src/models/payload.dart
DA:8,0
DA:9,0
DA:12,0
DA:13,0
DA:14,0
DA:15,0
DA:16,0
DA:19,0
DA:23,0
DA:24,0
DA:26,0
DA:28,0
DA:29,0
LF:13
LH:0
end_of_record
